<?xml version="1.0" encoding="UTF-8"?>
<!-- Generated by org.testng.reporters.JUnitReportReporter -->
<testsuite hostname="DESKTOP-AFTVFEL" failures="0" tests="1" name="com.qa.test.LogInTest" time="0.012" errors="0" timestamp="2022-04-12T19:41:08 EDT" skipped="0">
  <testcase classname="com.qa.test.LogInTest" name="test1" time="0.012"/>
  <system-out/>
</testsuite> <!-- com.qa.test.LogInTest -->
